<?xml version="1.0" encoding="UTF-8"?>
<?xml-stylesheet type="text/xsl" href="ivy-report.xsl"?>
<ivy-report version="1.0">
	<info
		organisation="default"
		module="default-53e334"
		revision="0.1-SNAPSHOT"
		extra-sbtVersion="0.12"
		extra-scalaVersion="2.9.2"
		conf="test"
		confs="compile, runtime, test, provided, optional, compile-internal, runtime-internal, test-internal, plugin, sources, docs, pom"
		date="20130215154821"/>
	<dependencies>
		<module organisation="default" name="default-30a2f3">
			<revision name="0.0" status="integration" pubdate="20130215154820" resolver="inter-project" artresolver="inter-project" extra-sbtVersion="0.12" extra-scalaVersion="2.9.2" downloaded="false" searched="false" default="false" conf="default(compile), compile" position="0">
				<metadata-artifact status="failed" details="" size="0" time="0" searched="false"/>
				<caller organisation="default" name="default-53e334" conf="test, compile, runtime" rev="0.0" rev-constraint-default="0.0" rev-constraint-dynamic="0.0" callerrev="0.1-SNAPSHOT" extra-sbtVersion="0.12" extra-scalaVersion="2.9.2"/>
				<artifacts>
				</artifacts>
			</revision>
		</module>
	</dependencies>
</ivy-report>
